[0.008s] Invoking command in '/workspace/ros_ws/build/homework_1': /usr/bin/cmake --build /workspace/ros_ws/build/homework_1 -- -j20 -l20
[0.067s] [ 50%] [32mBuilding CXX object CMakeFiles/counter_node.dir/src/counter_node.cpp.o[0m
[0.085s] [01m[K/workspace/ros_ws/src/homework_1/src/counter_node.cpp:3:10:[m[K [01;31m[Kfatal error: [m[K/include/counter_node.h: No such file or directory
[0.085s]     3 | #include [01;31m[K"/include/counter_node.h"[m[K
[0.085s]       |          [01;31m[K^~~~~~~~~~~~~~~~~~~~~~~~~[m[K
[0.085s] compilation terminated.
[0.087s] gmake[2]: *** [CMakeFiles/counter_node.dir/build.make:76: CMakeFiles/counter_node.dir/src/counter_node.cpp.o] Error 1
[0.087s] gmake[1]: *** [CMakeFiles/Makefile2:137: CMakeFiles/counter_node.dir/all] Error 2
[0.088s] gmake: *** [Makefile:146: all] Error 2
[0.093s] Invoked command in '/workspace/ros_ws/build/homework_1' returned '2': /usr/bin/cmake --build /workspace/ros_ws/build/homework_1 -- -j20 -l20
