[0.007s] Invoking command in '/workspace/ros_ws/build/homework_1': /usr/bin/cmake /workspace/ros_ws/src/homework_1 -DCATKIN_INSTALL_INTO_PREFIX_ROOT=0 -DCMAKE_INSTALL_PREFIX=/workspace/ros_ws/install/homework_1
[0.019s] -- Found ament_cmake: 1.3.12 (/opt/ros/humble/share/ament_cmake/cmake)
[0.129s] -- Found rclcpp: 16.0.15 (/opt/ros/humble/share/rclcpp/cmake)
[0.148s] -- Found rosidl_generator_c: 3.1.7 (/opt/ros/humble/share/rosidl_generator_c/cmake)
[0.150s] -- Found rosidl_adapter: 3.1.7 (/opt/ros/humble/share/rosidl_adapter/cmake)
[0.154s] -- Found rosidl_generator_cpp: 3.1.7 (/opt/ros/humble/share/rosidl_generator_cpp/cmake)
[0.160s] -- Using all available rosidl_typesupport_c: rosidl_typesupport_fastrtps_c;rosidl_typesupport_introspection_c
[0.168s] -- Using all available rosidl_typesupport_cpp: rosidl_typesupport_fastrtps_cpp;rosidl_typesupport_introspection_cpp
[0.190s] -- Found rmw_implementation_cmake: 6.1.2 (/opt/ros/humble/share/rmw_implementation_cmake/cmake)
[0.191s] -- Found rmw_fastrtps_cpp: 6.2.8 (/opt/ros/humble/share/rmw_fastrtps_cpp/cmake)
[0.275s] -- Using RMW implementation 'rmw_fastrtps_cpp' as default
[0.361s] -- Configuring done
[0.367s] -- Generating done
[0.368s] [33mCMake Warning:
[0.368s]   Manually-specified variables were not used by the project:
[0.368s] 
[0.368s]     CATKIN_INSTALL_INTO_PREFIX_ROOT
[0.368s] 
[0.368s] [0m
[0.369s] -- Build files have been written to: /workspace/ros_ws/build/homework_1
[0.374s] Invoked command in '/workspace/ros_ws/build/homework_1' returned '0': /usr/bin/cmake /workspace/ros_ws/src/homework_1 -DCATKIN_INSTALL_INTO_PREFIX_ROOT=0 -DCMAKE_INSTALL_PREFIX=/workspace/ros_ws/install/homework_1
[0.376s] Invoking command in '/workspace/ros_ws/build/homework_1': /usr/bin/cmake --build /workspace/ros_ws/build/homework_1 -- -j20 -l20
[0.436s] [ 50%] [32mBuilding CXX object CMakeFiles/counter_node.dir/src/counter_node.cpp.o[0m
[0.453s] [01m[K/workspace/ros_ws/src/homework_1/src/counter_node.cpp:3:10:[m[K [01;31m[Kfatal error: [m[Kcounter_node.h: No such file or directory
[0.453s]     3 | #include [01;31m[K"counter_node.h"[m[K
[0.453s]       |          [01;31m[K^~~~~~~~~~~~~~~~[m[K
[0.454s] compilation terminated.
[0.454s] gmake[2]: *** [CMakeFiles/counter_node.dir/build.make:76: CMakeFiles/counter_node.dir/src/counter_node.cpp.o] Error 1
[0.454s] gmake[1]: *** [CMakeFiles/Makefile2:137: CMakeFiles/counter_node.dir/all] Error 2
[0.455s] gmake: *** [Makefile:146: all] Error 2
[0.458s] Invoked command in '/workspace/ros_ws/build/homework_1' returned '2': /usr/bin/cmake --build /workspace/ros_ws/build/homework_1 -- -j20 -l20
